{"/home/osknyo/projects/401/brady/Auth-Api-Demo/src/server.js": {"path":"/home/osknyo/projects/401/brady/Auth-Api-Demo/src/server.js","statementMap":{"0":{"start":{"line":3,"column":16},"end":{"line":3,"column":34}},"1":{"start":{"line":4,"column":13},"end":{"line":4,"column":28}},"2":{"start":{"line":5,"column":15},"end":{"line":5,"column":32}},"3":{"start":{"line":6,"column":22},"end":{"line":6,"column":55}},"4":{"start":{"line":7,"column":19},"end":{"line":7,"column":43}},"5":{"start":{"line":8,"column":12},"end":{"line":8,"column":43}},"6":{"start":{"line":9,"column":12},"end":{"line":9,"column":21}},"7":{"start":{"line":11,"column":0},"end":{"line":11,"column":16}},"8":{"start":{"line":12,"column":0},"end":{"line":12,"column":23}},"9":{"start":{"line":15,"column":0},"end":{"line":15,"column":24}},"10":{"start":{"line":16,"column":0},"end":{"line":16,"column":48}},"11":{"start":{"line":18,"column":0},"end":{"line":18,"column":38}},"12":{"start":{"line":19,"column":0},"end":{"line":19,"column":35}},"13":{"start":{"line":20,"column":0},"end":{"line":20,"column":20}},"14":{"start":{"line":23,"column":0},"end":{"line":26,"column":3}},"15":{"start":{"line":24,"column":2},"end":{"line":24,"column":32}},"16":{"start":{"line":25,"column":2},"end":{"line":25,"column":40}},"17":{"start":{"line":29,"column":0},"end":{"line":35,"column":2}},"18":{"start":{"line":32,"column":4},"end":{"line":32,"column":51}},"19":{"start":{"line":32,"column":17},"end":{"line":32,"column":49}},"20":{"start":{"line":33,"column":4},"end":{"line":33,"column":64}},"21":{"start":{"line":33,"column":27},"end":{"line":33,"column":62}}},"fnMap":{"0":{"name":"(anonymous_0)","decl":{"start":{"line":23,"column":13},"end":{"line":23,"column":14}},"loc":{"start":{"line":23,"column":19},"end":{"line":26,"column":1}},"line":23},"1":{"name":"(anonymous_1)","decl":{"start":{"line":31,"column":9},"end":{"line":31,"column":10}},"loc":{"start":{"line":31,"column":17},"end":{"line":34,"column":3}},"line":31},"2":{"name":"(anonymous_2)","decl":{"start":{"line":33,"column":21},"end":{"line":33,"column":22}},"loc":{"start":{"line":33,"column":27},"end":{"line":33,"column":62}},"line":33}},"branchMap":{"0":{"loc":{"start":{"line":32,"column":4},"end":{"line":32,"column":51}},"type":"if","locations":[{"start":{"line":32,"column":4},"end":{"line":32,"column":51}},{"start":{},"end":{}}],"line":32}},"s":{"0":3,"1":3,"2":3,"3":3,"4":3,"5":3,"6":3,"7":3,"8":3,"9":3,"10":3,"11":3,"12":3,"13":3,"14":3,"15":0,"16":0,"17":3,"18":0,"19":0,"20":0,"21":0},"f":{"0":0,"1":0,"2":0},"b":{"0":[0,0]},"_coverageSchema":"1a1c01bbd47fc00a2c39e90264f33305004495a9","hash":"4e7e68d76e3c6338e31f85fbb29f813a81991e31"}
,"/home/osknyo/projects/401/brady/Auth-Api-Demo/src/auth/routes.js": {"path":"/home/osknyo/projects/401/brady/Auth-Api-Demo/src/auth/routes.js","statementMap":{"0":{"start":{"line":3,"column":16},"end":{"line":3,"column":34}},"1":{"start":{"line":4,"column":19},"end":{"line":4,"column":35}},"2":{"start":{"line":6,"column":18},"end":{"line":6,"column":37}},"3":{"start":{"line":7,"column":18},"end":{"line":7,"column":47}},"4":{"start":{"line":9,"column":0},"end":{"line":21,"column":3}},"5":{"start":{"line":10,"column":2},"end":{"line":19,"column":3}},"6":{"start":{"line":11,"column":15},"end":{"line":11,"column":43}},"7":{"start":{"line":12,"column":18},"end":{"line":15,"column":5}},"8":{"start":{"line":16,"column":4},"end":{"line":16,"column":34}},"9":{"start":{"line":18,"column":4},"end":{"line":18,"column":29}},"10":{"start":{"line":23,"column":0},"end":{"line":29,"column":3}},"11":{"start":{"line":24,"column":13},"end":{"line":27,"column":3}},"12":{"start":{"line":28,"column":2},"end":{"line":28,"column":29}},"13":{"start":{"line":31,"column":0},"end":{"line":31,"column":28}}},"fnMap":{"0":{"name":"(anonymous_0)","decl":{"start":{"line":9,"column":27},"end":{"line":9,"column":28}},"loc":{"start":{"line":9,"column":53},"end":{"line":21,"column":1}},"line":9},"1":{"name":"(anonymous_1)","decl":{"start":{"line":23,"column":38},"end":{"line":23,"column":39}},"loc":{"start":{"line":23,"column":58},"end":{"line":29,"column":1}},"line":23}},"branchMap":{},"s":{"0":3,"1":3,"2":3,"3":3,"4":3,"5":1,"6":1,"7":1,"8":1,"9":0,"10":3,"11":1,"12":1,"13":3},"f":{"0":1,"1":1},"b":{},"_coverageSchema":"1a1c01bbd47fc00a2c39e90264f33305004495a9","hash":"2a65fb76360b9a7f40730fdd2b4837fc873ba4a3"}
,"/home/osknyo/projects/401/brady/Auth-Api-Demo/src/auth/middleware/acl.js": {"path":"/home/osknyo/projects/401/brady/Auth-Api-Demo/src/auth/middleware/acl.js","statementMap":{"0":{"start":{"line":5,"column":0},"end":{"line":18,"column":1}},"1":{"start":{"line":6,"column":2},"end":{"line":17,"column":3}},"2":{"start":{"line":7,"column":4},"end":{"line":16,"column":5}},"3":{"start":{"line":8,"column":6},"end":{"line":8,"column":29}},"4":{"start":{"line":9,"column":6},"end":{"line":13,"column":7}},"5":{"start":{"line":10,"column":8},"end":{"line":10,"column":15}},"6":{"start":{"line":12,"column":8},"end":{"line":12,"column":30}},"7":{"start":{"line":15,"column":6},"end":{"line":15,"column":27}}},"fnMap":{"0":{"name":"(anonymous_0)","decl":{"start":{"line":5,"column":17},"end":{"line":5,"column":18}},"loc":{"start":{"line":5,"column":33},"end":{"line":18,"column":1}},"line":5},"1":{"name":"(anonymous_1)","decl":{"start":{"line":6,"column":9},"end":{"line":6,"column":10}},"loc":{"start":{"line":6,"column":29},"end":{"line":17,"column":3}},"line":6}},"branchMap":{"0":{"loc":{"start":{"line":9,"column":6},"end":{"line":13,"column":7}},"type":"if","locations":[{"start":{"line":9,"column":6},"end":{"line":13,"column":7}},{"start":{"line":11,"column":11},"end":{"line":13,"column":7}}],"line":9}},"s":{"0":4,"1":16,"2":9,"3":9,"4":9,"5":8,"6":0,"7":1},"f":{"0":16,"1":9},"b":{"0":[8,0]},"_coverageSchema":"1a1c01bbd47fc00a2c39e90264f33305004495a9","hash":"c43ca1a13d2b89645758f627d87fe985244285f5"}
,"/home/osknyo/projects/401/brady/Auth-Api-Demo/src/auth/middleware/basic.js": {"path":"/home/osknyo/projects/401/brady/Auth-Api-Demo/src/auth/middleware/basic.js","statementMap":{"0":{"start":{"line":3,"column":15},"end":{"line":3,"column":33}},"1":{"start":{"line":4,"column":18},"end":{"line":4,"column":38}},"2":{"start":{"line":7,"column":0},"end":{"line":23,"column":1}},"3":{"start":{"line":8,"column":2},"end":{"line":10,"column":3}},"4":{"start":{"line":9,"column":4},"end":{"line":9,"column":20}},"5":{"start":{"line":11,"column":14},"end":{"line":11,"column":56}},"6":{"start":{"line":12,"column":25},"end":{"line":12,"column":56}},"7":{"start":{"line":13,"column":2},"end":{"line":18,"column":3}},"8":{"start":{"line":14,"column":4},"end":{"line":14,"column":61}},"9":{"start":{"line":15,"column":4},"end":{"line":15,"column":11}},"10":{"start":{"line":17,"column":4},"end":{"line":17,"column":13}},"11":{"start":{"line":21,"column":4},"end":{"line":21,"column":42}}},"fnMap":{"0":{"name":"(anonymous_0)","decl":{"start":{"line":7,"column":17},"end":{"line":7,"column":18}},"loc":{"start":{"line":7,"column":43},"end":{"line":23,"column":1}},"line":7},"1":{"name":"_error","decl":{"start":{"line":20,"column":11},"end":{"line":20,"column":17}},"loc":{"start":{"line":20,"column":19},"end":{"line":22,"column":3}},"line":20}},"branchMap":{"0":{"loc":{"start":{"line":8,"column":2},"end":{"line":10,"column":3}},"type":"if","locations":[{"start":{"line":8,"column":2},"end":{"line":10,"column":3}},{"start":{},"end":{}}],"line":8}},"s":{"0":3,"1":3,"2":3,"3":1,"4":0,"5":1,"6":1,"7":1,"8":1,"9":1,"10":0,"11":0},"f":{"0":1,"1":0},"b":{"0":[0,1]},"_coverageSchema":"1a1c01bbd47fc00a2c39e90264f33305004495a9","hash":"5d8bd85256d667cb69a67a04f4e24cf289154e5d"}
,"/home/osknyo/projects/401/brady/Auth-Api-Demo/src/auth/middleware/bearer.js": {"path":"/home/osknyo/projects/401/brady/Auth-Api-Demo/src/auth/middleware/bearer.js","statementMap":{"0":{"start":{"line":3,"column":18},"end":{"line":3,"column":38}},"1":{"start":{"line":5,"column":0},"end":{"line":20,"column":1}},"2":{"start":{"line":6,"column":2},"end":{"line":16,"column":3}},"3":{"start":{"line":7,"column":4},"end":{"line":7,"column":55}},"4":{"start":{"line":7,"column":38},"end":{"line":7,"column":53}},"5":{"start":{"line":8,"column":18},"end":{"line":8,"column":60}},"6":{"start":{"line":9,"column":22},"end":{"line":9,"column":58}},"7":{"start":{"line":10,"column":4},"end":{"line":10,"column":24}},"8":{"start":{"line":11,"column":4},"end":{"line":11,"column":25}},"9":{"start":{"line":12,"column":4},"end":{"line":12,"column":32}},"10":{"start":{"line":13,"column":4},"end":{"line":13,"column":11}},"11":{"start":{"line":15,"column":4},"end":{"line":15,"column":12}},"12":{"start":{"line":18,"column":4},"end":{"line":18,"column":26}}},"fnMap":{"0":{"name":"(anonymous_0)","decl":{"start":{"line":5,"column":17},"end":{"line":5,"column":18}},"loc":{"start":{"line":5,"column":43},"end":{"line":20,"column":1}},"line":5},"1":{"name":"_error","decl":{"start":{"line":17,"column":11},"end":{"line":17,"column":17}},"loc":{"start":{"line":17,"column":19},"end":{"line":19,"column":3}},"line":17}},"branchMap":{"0":{"loc":{"start":{"line":7,"column":4},"end":{"line":7,"column":55}},"type":"if","locations":[{"start":{"line":7,"column":4},"end":{"line":7,"column":55}},{"start":{},"end":{}}],"line":7}},"s":{"0":4,"1":4,"2":9,"3":9,"4":0,"5":8,"6":8,"7":8,"8":8,"9":8,"10":8,"11":1,"12":1},"f":{"0":9,"1":1},"b":{"0":[0,8]},"_coverageSchema":"1a1c01bbd47fc00a2c39e90264f33305004495a9","hash":"48f04fa9b5735f73b4d181080bb2d93b2af308bc"}
,"/home/osknyo/projects/401/brady/Auth-Api-Demo/src/auth/models/index.js": {"path":"/home/osknyo/projects/401/brady/Auth-Api-Demo/src/auth/models/index.js","statementMap":{"0":{"start":{"line":3,"column":18},"end":{"line":3,"column":36}},"1":{"start":{"line":4,"column":33},"end":{"line":4,"column":53}},"2":{"start":{"line":6,"column":26},"end":{"line":6,"column":72}},"3":{"start":{"line":8,"column":18},"end":{"line":15,"column":2}},"4":{"start":{"line":17,"column":0},"end":{"line":20,"column":2}}},"fnMap":{},"branchMap":{"0":{"loc":{"start":{"line":6,"column":26},"end":{"line":6,"column":72}},"type":"binary-expr","locations":[{"start":{"line":6,"column":26},"end":{"line":6,"column":55}},{"start":{"line":6,"column":59},"end":{"line":6,"column":72}}],"line":6}},"s":{"0":4,"1":4,"2":4,"3":4,"4":4},"f":{},"b":{"0":[4,4]},"_coverageSchema":"1a1c01bbd47fc00a2c39e90264f33305004495a9","hash":"6183b085036a3b497dcd3831d79f81e2f3e2bc8d"}
,"/home/osknyo/projects/401/brady/Auth-Api-Demo/src/auth/models/users.js": {"path":"/home/osknyo/projects/401/brady/Auth-Api-Demo/src/auth/models/users.js","statementMap":{"0":{"start":{"line":3,"column":15},"end":{"line":3,"column":32}},"1":{"start":{"line":4,"column":12},"end":{"line":4,"column":35}},"2":{"start":{"line":6,"column":15},"end":{"line":6,"column":51}},"3":{"start":{"line":8,"column":18},"end":{"line":61,"column":1}},"4":{"start":{"line":9,"column":16},"end":{"line":35,"column":4}},"5":{"start":{"line":16,"column":8},"end":{"line":16,"column":61}},"6":{"start":{"line":19,"column":20},"end":{"line":19,"column":46}},"7":{"start":{"line":20,"column":8},"end":{"line":20,"column":21}},"8":{"start":{"line":26,"column":20},"end":{"line":31,"column":9}},"9":{"start":{"line":32,"column":8},"end":{"line":32,"column":30}},"10":{"start":{"line":37,"column":2},"end":{"line":40,"column":5}},"11":{"start":{"line":38,"column":21},"end":{"line":38,"column":57}},"12":{"start":{"line":39,"column":4},"end":{"line":39,"column":31}},"13":{"start":{"line":42,"column":2},"end":{"line":47,"column":4}},"14":{"start":{"line":43,"column":17},"end":{"line":43,"column":60}},"15":{"start":{"line":44,"column":18},"end":{"line":44,"column":63}},"16":{"start":{"line":45,"column":4},"end":{"line":45,"column":31}},"17":{"start":{"line":45,"column":17},"end":{"line":45,"column":29}},"18":{"start":{"line":46,"column":4},"end":{"line":46,"column":36}},"19":{"start":{"line":49,"column":2},"end":{"line":58,"column":4}},"20":{"start":{"line":50,"column":4},"end":{"line":57,"column":5}},"21":{"start":{"line":51,"column":26},"end":{"line":51,"column":51}},"22":{"start":{"line":52,"column":19},"end":{"line":52,"column":77}},"23":{"start":{"line":53,"column":6},"end":{"line":53,"column":32}},"24":{"start":{"line":53,"column":18},"end":{"line":53,"column":30}},"25":{"start":{"line":54,"column":6},"end":{"line":54,"column":40}},"26":{"start":{"line":56,"column":6},"end":{"line":56,"column":33}},"27":{"start":{"line":60,"column":2},"end":{"line":60,"column":15}},"28":{"start":{"line":63,"column":0},"end":{"line":63,"column":27}}},"fnMap":{"0":{"name":"(anonymous_0)","decl":{"start":{"line":8,"column":18},"end":{"line":8,"column":19}},"loc":{"start":{"line":8,"column":44},"end":{"line":61,"column":1}},"line":8},"1":{"name":"(anonymous_1)","decl":{"start":{"line":15,"column":6},"end":{"line":15,"column":7}},"loc":{"start":{"line":15,"column":12},"end":{"line":17,"column":7}},"line":15},"2":{"name":"(anonymous_2)","decl":{"start":{"line":18,"column":6},"end":{"line":18,"column":7}},"loc":{"start":{"line":18,"column":20},"end":{"line":21,"column":7}},"line":18},"3":{"name":"(anonymous_3)","decl":{"start":{"line":25,"column":6},"end":{"line":25,"column":7}},"loc":{"start":{"line":25,"column":12},"end":{"line":33,"column":7}},"line":25},"4":{"name":"(anonymous_4)","decl":{"start":{"line":37,"column":21},"end":{"line":37,"column":22}},"loc":{"start":{"line":37,"column":37},"end":{"line":40,"column":3}},"line":37},"5":{"name":"(anonymous_5)","decl":{"start":{"line":42,"column":28},"end":{"line":42,"column":29}},"loc":{"start":{"line":42,"column":64},"end":{"line":47,"column":3}},"line":42},"6":{"name":"(anonymous_6)","decl":{"start":{"line":49,"column":28},"end":{"line":49,"column":29}},"loc":{"start":{"line":49,"column":51},"end":{"line":58,"column":3}},"line":49}},"branchMap":{"0":{"loc":{"start":{"line":6,"column":15},"end":{"line":6,"column":51}},"type":"binary-expr","locations":[{"start":{"line":6,"column":15},"end":{"line":6,"column":33}},{"start":{"line":6,"column":37},"end":{"line":6,"column":51}}],"line":6},"1":{"loc":{"start":{"line":45,"column":4},"end":{"line":45,"column":31}},"type":"if","locations":[{"start":{"line":45,"column":4},"end":{"line":45,"column":31}},{"start":{},"end":{}}],"line":45},"2":{"loc":{"start":{"line":53,"column":6},"end":{"line":53,"column":32}},"type":"if","locations":[{"start":{"line":53,"column":6},"end":{"line":53,"column":32}},{"start":{},"end":{}}],"line":53}},"s":{"0":4,"1":4,"2":4,"3":4,"4":4,"5":20,"6":0,"7":0,"8":10,"9":10,"10":4,"11":9,"12":9,"13":4,"14":1,"15":1,"16":1,"17":1,"18":0,"19":4,"20":8,"21":8,"22":8,"23":8,"24":8,"25":0,"26":0,"27":4,"28":4},"f":{"0":4,"1":20,"2":0,"3":10,"4":9,"5":1,"6":8},"b":{"0":[4,3],"1":[1,0],"2":[8,0]},"_coverageSchema":"1a1c01bbd47fc00a2c39e90264f33305004495a9","hash":"d711f2e27e0d2cac8276fffb515dcac85b0e3fb4"}
,"/home/osknyo/projects/401/brady/Auth-Api-Demo/src/models/data-collection.js": {"path":"/home/osknyo/projects/401/brady/Auth-Api-Demo/src/models/data-collection.js","statementMap":{"0":{"start":{"line":5,"column":4},"end":{"line":5,"column":23}},"1":{"start":{"line":9,"column":4},"end":{"line":17,"column":5}},"2":{"start":{"line":10,"column":6},"end":{"line":14,"column":7}},"3":{"start":{"line":11,"column":8},"end":{"line":11,"column":59}},"4":{"start":{"line":13,"column":8},"end":{"line":13,"column":44}},"5":{"start":{"line":16,"column":6},"end":{"line":16,"column":23}},"6":{"start":{"line":20,"column":4},"end":{"line":24,"column":5}},"7":{"start":{"line":21,"column":6},"end":{"line":21,"column":45}},"8":{"start":{"line":23,"column":6},"end":{"line":23,"column":22}},"9":{"start":{"line":27,"column":4},"end":{"line":33,"column":5}},"10":{"start":{"line":28,"column":6},"end":{"line":29,"column":45}},"11":{"start":{"line":29,"column":24},"end":{"line":29,"column":43}},"12":{"start":{"line":32,"column":6},"end":{"line":32,"column":22}},"13":{"start":{"line":36,"column":4},"end":{"line":40,"column":5}},"14":{"start":{"line":37,"column":6},"end":{"line":37,"column":57}},"15":{"start":{"line":39,"column":6},"end":{"line":39,"column":22}},"16":{"start":{"line":44,"column":0},"end":{"line":44,"column":32}}},"fnMap":{"0":{"name":"(anonymous_0)","decl":{"start":{"line":4,"column":2},"end":{"line":4,"column":3}},"loc":{"start":{"line":4,"column":21},"end":{"line":6,"column":3}},"line":4},"1":{"name":"(anonymous_1)","decl":{"start":{"line":8,"column":2},"end":{"line":8,"column":3}},"loc":{"start":{"line":8,"column":16},"end":{"line":18,"column":3}},"line":8},"2":{"name":"(anonymous_2)","decl":{"start":{"line":19,"column":2},"end":{"line":19,"column":3}},"loc":{"start":{"line":19,"column":23},"end":{"line":25,"column":3}},"line":19},"3":{"name":"(anonymous_3)","decl":{"start":{"line":26,"column":2},"end":{"line":26,"column":3}},"loc":{"start":{"line":26,"column":25},"end":{"line":34,"column":3}},"line":26},"4":{"name":"(anonymous_4)","decl":{"start":{"line":29,"column":14},"end":{"line":29,"column":15}},"loc":{"start":{"line":29,"column":24},"end":{"line":29,"column":43}},"line":29},"5":{"name":"(anonymous_5)","decl":{"start":{"line":35,"column":2},"end":{"line":35,"column":3}},"loc":{"start":{"line":35,"column":19},"end":{"line":41,"column":3}},"line":35}},"branchMap":{"0":{"loc":{"start":{"line":10,"column":6},"end":{"line":14,"column":7}},"type":"if","locations":[{"start":{"line":10,"column":6},"end":{"line":14,"column":7}},{"start":{"line":12,"column":13},"end":{"line":14,"column":7}}],"line":10}},"s":{"0":6,"1":2,"2":2,"3":1,"4":1,"5":0,"6":4,"7":4,"8":0,"9":2,"10":2,"11":2,"12":0,"13":2,"14":2,"15":0,"16":3},"f":{"0":6,"1":2,"2":4,"3":2,"4":2,"5":2},"b":{"0":[1,1]},"_coverageSchema":"1a1c01bbd47fc00a2c39e90264f33305004495a9","hash":"8c8b1cab990c0b263396103f84d110680b807acb"}
,"/home/osknyo/projects/401/brady/Auth-Api-Demo/src/models/index.js": {"path":"/home/osknyo/projects/401/brady/Auth-Api-Demo/src/models/index.js","statementMap":{"0":{"start":{"line":3,"column":33},"end":{"line":3,"column":53}},"1":{"start":{"line":4,"column":19},"end":{"line":4,"column":50}},"2":{"start":{"line":5,"column":18},"end":{"line":5,"column":43}},"3":{"start":{"line":6,"column":22},"end":{"line":6,"column":58}},"4":{"start":{"line":8,"column":26},"end":{"line":8,"column":75}},"5":{"start":{"line":10,"column":18},"end":{"line":10,"column":50}},"6":{"start":{"line":12,"column":14},"end":{"line":12,"column":45}},"7":{"start":{"line":13,"column":17},"end":{"line":13,"column":52}},"8":{"start":{"line":15,"column":0},"end":{"line":19,"column":1}}},"fnMap":{},"branchMap":{"0":{"loc":{"start":{"line":8,"column":26},"end":{"line":8,"column":75}},"type":"binary-expr","locations":[{"start":{"line":8,"column":26},"end":{"line":8,"column":55}},{"start":{"line":8,"column":59},"end":{"line":8,"column":75}}],"line":8}},"s":{"0":3,"1":3,"2":3,"3":3,"4":3,"5":3,"6":3,"7":3,"8":3},"f":{},"b":{"0":[3,3]},"_coverageSchema":"1a1c01bbd47fc00a2c39e90264f33305004495a9","hash":"92ed11644df317767e6d1fedfdd9410e1a49fe0b"}
,"/home/osknyo/projects/401/brady/Auth-Api-Demo/src/models/ToDo/todo.js": {"path":"/home/osknyo/projects/401/brady/Auth-Api-Demo/src/models/ToDo/todo.js","statementMap":{"0":{"start":{"line":3,"column":18},"end":{"line":7,"column":2}},"1":{"start":{"line":3,"column":44},"end":{"line":7,"column":2}},"2":{"start":{"line":9,"column":0},"end":{"line":9,"column":27}}},"fnMap":{"0":{"name":"(anonymous_0)","decl":{"start":{"line":3,"column":18},"end":{"line":3,"column":19}},"loc":{"start":{"line":3,"column":44},"end":{"line":7,"column":2}},"line":3}},"branchMap":{},"s":{"0":3,"1":3,"2":3},"f":{"0":3},"b":{},"_coverageSchema":"1a1c01bbd47fc00a2c39e90264f33305004495a9","hash":"98c155fba6bb1749527322daa808f6d43432d61b"}
,"/home/osknyo/projects/401/brady/Auth-Api-Demo/src/models/preferences/settings.js": {"path":"/home/osknyo/projects/401/brady/Auth-Api-Demo/src/models/preferences/settings.js","statementMap":{"0":{"start":{"line":4,"column":22},"end":{"line":9,"column":2}},"1":{"start":{"line":4,"column":48},"end":{"line":9,"column":2}},"2":{"start":{"line":11,"column":0},"end":{"line":11,"column":31}}},"fnMap":{"0":{"name":"(anonymous_0)","decl":{"start":{"line":4,"column":22},"end":{"line":4,"column":23}},"loc":{"start":{"line":4,"column":48},"end":{"line":9,"column":2}},"line":4}},"branchMap":{},"s":{"0":3,"1":3,"2":3},"f":{"0":3},"b":{},"_coverageSchema":"1a1c01bbd47fc00a2c39e90264f33305004495a9","hash":"ffb02a088aabbc0c8c8a76981eb76b9560d271af"}
,"/home/osknyo/projects/401/brady/Auth-Api-Demo/src/routes/storageRoutes.js": {"path":"/home/osknyo/projects/401/brady/Auth-Api-Demo/src/routes/storageRoutes.js","statementMap":{"0":{"start":{"line":3,"column":16},"end":{"line":3,"column":34}},"1":{"start":{"line":4,"column":20},"end":{"line":4,"column":40}},"2":{"start":{"line":5,"column":19},"end":{"line":5,"column":55}},"3":{"start":{"line":6,"column":18},"end":{"line":6,"column":51}},"4":{"start":{"line":7,"column":15},"end":{"line":7,"column":31}},"5":{"start":{"line":9,"column":0},"end":{"line":17,"column":2}},"6":{"start":{"line":10,"column":20},"end":{"line":10,"column":36}},"7":{"start":{"line":11,"column":2},"end":{"line":16,"column":3}},"8":{"start":{"line":12,"column":4},"end":{"line":12,"column":39}},"9":{"start":{"line":13,"column":4},"end":{"line":13,"column":11}},"10":{"start":{"line":15,"column":4},"end":{"line":15,"column":26}},"11":{"start":{"line":19,"column":0},"end":{"line":19,"column":23}},"12":{"start":{"line":20,"column":0},"end":{"line":20,"column":56}},"13":{"start":{"line":21,"column":0},"end":{"line":21,"column":59}},"14":{"start":{"line":22,"column":0},"end":{"line":22,"column":59}},"15":{"start":{"line":23,"column":0},"end":{"line":23,"column":62}},"16":{"start":{"line":24,"column":0},"end":{"line":24,"column":65}},"17":{"start":{"line":27,"column":2},"end":{"line":33,"column":3}},"18":{"start":{"line":28,"column":21},"end":{"line":28,"column":42}},"19":{"start":{"line":29,"column":4},"end":{"line":29,"column":37}},"20":{"start":{"line":31,"column":4},"end":{"line":31,"column":29}},"21":{"start":{"line":32,"column":4},"end":{"line":32,"column":21}},"22":{"start":{"line":37,"column":2},"end":{"line":44,"column":3}},"23":{"start":{"line":38,"column":15},"end":{"line":38,"column":28}},"24":{"start":{"line":39,"column":20},"end":{"line":39,"column":43}},"25":{"start":{"line":40,"column":4},"end":{"line":40,"column":36}},"26":{"start":{"line":42,"column":4},"end":{"line":42,"column":29}},"27":{"start":{"line":43,"column":4},"end":{"line":43,"column":21}},"28":{"start":{"line":48,"column":2},"end":{"line":55,"column":3}},"29":{"start":{"line":49,"column":14},"end":{"line":49,"column":22}},"30":{"start":{"line":50,"column":20},"end":{"line":50,"column":47}},"31":{"start":{"line":51,"column":4},"end":{"line":51,"column":36}},"32":{"start":{"line":53,"column":4},"end":{"line":53,"column":21}},"33":{"start":{"line":54,"column":4},"end":{"line":54,"column":21}},"34":{"start":{"line":59,"column":2},"end":{"line":67,"column":3}},"35":{"start":{"line":60,"column":15},"end":{"line":60,"column":28}},"36":{"start":{"line":61,"column":16},"end":{"line":61,"column":24}},"37":{"start":{"line":62,"column":24},"end":{"line":62,"column":55}},"38":{"start":{"line":63,"column":4},"end":{"line":63,"column":40}},"39":{"start":{"line":65,"column":4},"end":{"line":65,"column":21}},"40":{"start":{"line":66,"column":4},"end":{"line":66,"column":21}},"41":{"start":{"line":72,"column":2},"end":{"line":79,"column":3}},"42":{"start":{"line":73,"column":13},"end":{"line":73,"column":26}},"43":{"start":{"line":74,"column":24},"end":{"line":74,"column":50}},"44":{"start":{"line":75,"column":4},"end":{"line":75,"column":40}},"45":{"start":{"line":77,"column":4},"end":{"line":77,"column":29}},"46":{"start":{"line":78,"column":4},"end":{"line":78,"column":21}},"47":{"start":{"line":83,"column":0},"end":{"line":83,"column":24}}},"fnMap":{"0":{"name":"(anonymous_0)","decl":{"start":{"line":9,"column":22},"end":{"line":9,"column":23}},"loc":{"start":{"line":9,"column":41},"end":{"line":17,"column":1}},"line":9},"1":{"name":"handleGetAll","decl":{"start":{"line":26,"column":15},"end":{"line":26,"column":27}},"loc":{"start":{"line":26,"column":38},"end":{"line":34,"column":1}},"line":26},"2":{"name":"handleGetOne","decl":{"start":{"line":36,"column":15},"end":{"line":36,"column":27}},"loc":{"start":{"line":36,"column":38},"end":{"line":45,"column":1}},"line":36},"3":{"name":"handleCreate","decl":{"start":{"line":47,"column":15},"end":{"line":47,"column":27}},"loc":{"start":{"line":47,"column":38},"end":{"line":56,"column":1}},"line":47},"4":{"name":"handleUpdate","decl":{"start":{"line":58,"column":15},"end":{"line":58,"column":27}},"loc":{"start":{"line":58,"column":38},"end":{"line":68,"column":1}},"line":58},"5":{"name":"handleDelete","decl":{"start":{"line":71,"column":15},"end":{"line":71,"column":27}},"loc":{"start":{"line":71,"column":38},"end":{"line":80,"column":1}},"line":71}},"branchMap":{"0":{"loc":{"start":{"line":11,"column":2},"end":{"line":16,"column":3}},"type":"if","locations":[{"start":{"line":11,"column":2},"end":{"line":16,"column":3}},{"start":{"line":14,"column":7},"end":{"line":16,"column":3}}],"line":11}},"s":{"0":3,"1":3,"2":3,"3":3,"4":3,"5":3,"6":8,"7":8,"8":8,"9":8,"10":0,"11":3,"12":3,"13":3,"14":3,"15":3,"16":3,"17":1,"18":1,"19":1,"20":0,"21":0,"22":1,"23":1,"24":1,"25":1,"26":0,"27":0,"28":2,"29":2,"30":2,"31":2,"32":0,"33":0,"34":2,"35":2,"36":2,"37":2,"38":2,"39":0,"40":0,"41":2,"42":2,"43":2,"44":2,"45":0,"46":0,"47":3},"f":{"0":8,"1":1,"2":1,"3":2,"4":2,"5":2},"b":{"0":[8,0]},"_coverageSchema":"1a1c01bbd47fc00a2c39e90264f33305004495a9","hash":"e6702cfb20dfaa9edabca3a7dc25a8b21d7dbc31"}
}
