TN:
SF:src/server.js
FN:22,(anonymous_0)
FN:30,(anonymous_1)
FN:32,(anonymous_2)
FNF:3
FNH:0
FNDA:0,(anonymous_0)
FNDA:0,(anonymous_1)
FNDA:0,(anonymous_2)
DA:3,2
DA:4,2
DA:5,2
DA:6,2
DA:7,2
DA:8,2
DA:9,2
DA:11,2
DA:12,2
DA:15,2
DA:16,2
DA:18,2
DA:19,2
DA:22,2
DA:23,0
DA:24,0
DA:28,2
DA:31,0
DA:32,0
LF:19
LH:15
BRDA:31,0,0,0
BRDA:31,0,1,0
BRF:2
BRH:0
end_of_record
TN:
SF:src/auth/routes.js
FN:9,(anonymous_0)
FN:23,(anonymous_1)
FNF:2
FNH:2
FNDA:1,(anonymous_0)
FNDA:1,(anonymous_1)
DA:3,2
DA:4,2
DA:6,2
DA:7,2
DA:9,2
DA:10,1
DA:11,1
DA:12,1
DA:16,1
DA:18,0
DA:23,2
DA:24,1
DA:28,1
DA:31,2
LF:14
LH:13
BRF:0
BRH:0
end_of_record
TN:
SF:src/auth/middleware/acl.js
FN:5,(anonymous_0)
FN:6,(anonymous_1)
FNF:2
FNH:2
FNDA:11,(anonymous_0)
FNDA:5,(anonymous_1)
DA:5,3
DA:6,11
DA:7,5
DA:8,5
DA:9,5
DA:10,4
DA:12,0
DA:15,1
LF:8
LH:7
BRDA:9,0,0,4
BRDA:9,0,1,0
BRF:2
BRH:1
end_of_record
TN:
SF:src/auth/middleware/basic.js
FN:7,(anonymous_0)
FN:20,_error
FNF:2
FNH:1
FNDA:1,(anonymous_0)
FNDA:0,_error
DA:3,2
DA:4,2
DA:7,2
DA:8,1
DA:9,0
DA:11,1
DA:12,1
DA:13,1
DA:14,1
DA:15,1
DA:17,0
DA:21,0
LF:12
LH:9
BRDA:8,0,0,0
BRDA:8,0,1,1
BRF:2
BRH:1
end_of_record
TN:
SF:src/auth/middleware/bearer.js
FN:5,(anonymous_0)
FN:17,_error
FNF:2
FNH:2
FNDA:5,(anonymous_0)
FNDA:1,_error
DA:3,3
DA:5,3
DA:6,5
DA:7,5
DA:8,4
DA:9,4
DA:10,4
DA:11,4
DA:12,4
DA:13,4
DA:15,1
DA:18,1
LF:12
LH:12
BRDA:7,0,0,0
BRDA:7,0,1,4
BRF:2
BRH:1
end_of_record
TN:
SF:src/auth/models/index.js
FNF:0
FNH:0
DA:3,3
DA:4,3
DA:6,3
DA:8,3
DA:17,3
LF:5
LH:5
BRDA:6,0,0,3
BRDA:6,0,1,3
BRF:2
BRH:2
end_of_record
TN:
SF:src/auth/models/users.js
FN:8,(anonymous_0)
FN:15,(anonymous_1)
FN:18,(anonymous_2)
FN:25,(anonymous_3)
FN:37,(anonymous_4)
FN:42,(anonymous_5)
FN:49,(anonymous_6)
FNF:7
FNH:6
FNDA:3,(anonymous_0)
FNDA:12,(anonymous_1)
FNDA:0,(anonymous_2)
FNDA:6,(anonymous_3)
FNDA:5,(anonymous_4)
FNDA:1,(anonymous_5)
FNDA:4,(anonymous_6)
DA:3,3
DA:4,3
DA:6,3
DA:8,3
DA:9,3
DA:16,12
DA:19,0
DA:20,0
DA:26,6
DA:32,6
DA:37,3
DA:38,5
DA:39,5
DA:42,3
DA:43,1
DA:44,1
DA:45,1
DA:46,0
DA:49,3
DA:50,4
DA:51,4
DA:52,4
DA:53,4
DA:54,0
DA:56,0
DA:60,3
DA:63,3
LF:27
LH:22
BRDA:6,0,0,3
BRDA:6,0,1,2
BRDA:45,1,0,1
BRDA:45,1,1,0
BRDA:53,2,0,4
BRDA:53,2,1,0
BRF:6
BRH:4
end_of_record
TN:
SF:src/models/data-collection.js
FN:4,(anonymous_0)
FN:8,(anonymous_1)
FN:19,(anonymous_2)
FN:26,(anonymous_3)
FN:29,(anonymous_4)
FN:35,(anonymous_5)
FNF:6
FNH:6
FNDA:2,(anonymous_0)
FNDA:1,(anonymous_1)
FNDA:2,(anonymous_2)
FNDA:1,(anonymous_3)
FNDA:1,(anonymous_4)
FNDA:1,(anonymous_5)
DA:5,2
DA:9,1
DA:10,1
DA:11,0
DA:13,1
DA:16,0
DA:20,2
DA:21,2
DA:23,0
DA:27,1
DA:28,1
DA:29,1
DA:32,0
DA:36,1
DA:37,1
DA:39,0
DA:44,2
LF:17
LH:12
BRDA:10,0,0,0
BRDA:10,0,1,1
BRF:2
BRH:1
end_of_record
TN:
SF:src/models/index.js
FNF:0
FNH:0
DA:3,2
DA:4,2
DA:5,2
DA:7,2
DA:9,2
DA:11,2
DA:13,2
LF:7
LH:7
BRDA:7,0,0,2
BRDA:7,0,1,2
BRF:2
BRH:2
end_of_record
TN:
SF:src/models/ToDo/todo.js
FN:3,(anonymous_0)
FNF:1
FNH:1
FNDA:2,(anonymous_0)
DA:3,2
DA:9,2
LF:2
LH:2
BRF:0
BRH:0
end_of_record
TN:
SF:src/routes/storageRoutes.js
FN:9,(anonymous_0)
FN:26,handleGetAll
FN:36,handleGetOne
FN:47,handleCreate
FN:58,handleUpdate
FN:71,handleDelete
FNF:6
FNH:5
FNDA:4,(anonymous_0)
FNDA:1,handleGetAll
FNDA:0,handleGetOne
FNDA:1,handleCreate
FNDA:1,handleUpdate
FNDA:1,handleDelete
DA:3,2
DA:4,2
DA:5,2
DA:6,2
DA:7,2
DA:9,2
DA:10,4
DA:11,4
DA:12,4
DA:13,4
DA:15,0
DA:19,2
DA:20,2
DA:21,2
DA:22,2
DA:23,2
DA:24,2
DA:27,1
DA:28,1
DA:29,1
DA:31,0
DA:32,0
DA:37,0
DA:38,0
DA:39,0
DA:40,0
DA:42,0
DA:43,0
DA:48,1
DA:49,1
DA:50,1
DA:51,1
DA:53,0
DA:54,0
DA:59,1
DA:60,1
DA:61,1
DA:62,1
DA:63,1
DA:65,0
DA:66,0
DA:72,1
DA:73,1
DA:74,1
DA:75,1
DA:77,0
DA:78,0
DA:83,2
LF:48
LH:33
BRDA:11,0,0,4
BRDA:11,0,1,0
BRF:2
BRH:1
end_of_record
